Started GET "/" for 127.0.0.1 at 2017-07-04 00:08:17 -0400
Processing by PagesController#index as HTML
  Rendering pages/index.html.erb within layouts/application
  Rendered pages/index.html.erb within layouts/application (1.4ms)
Completed 200 OK in 802ms (Views: 403.7ms)


  [1m[35m (17.9ms)[0m  [1m[35mCREATE TABLE "schema_migrations" ("version" character varying NOT NULL PRIMARY KEY)[0m
  [1m[35m (20.5ms)[0m  [1m[35mCREATE TABLE "ar_internal_metadata" ("key" character varying NOT NULL PRIMARY KEY, "value" character varying, "created_at" timestamp NOT NULL, "updated_at" timestamp NOT NULL)[0m
  [1m[35m (2.4ms)[0m  [1m[34mSELECT pg_try_advisory_lock(3456945490009827270);[0m
  [1m[35m (1.8ms)[0m  [1m[34mSELECT "schema_migrations"."version" FROM "schema_migrations" ORDER BY "schema_migrations"."version" ASC[0m
Migrating to DeviseCreateUsers (20170704041249)
  [1m[35m (0.4ms)[0m  [1m[35mBEGIN[0m
  [1m[35m (27.8ms)[0m  [1m[35mCREATE TABLE "users" ("id" bigserial primary key, "email" character varying DEFAULT '' NOT NULL, "encrypted_password" character varying DEFAULT '' NOT NULL, "reset_password_token" character varying, "reset_password_sent_at" timestamp, "remember_created_at" timestamp, "sign_in_count" integer DEFAULT 0 NOT NULL, "current_sign_in_at" timestamp, "last_sign_in_at" timestamp, "current_sign_in_ip" inet, "last_sign_in_ip" inet, "created_at" timestamp NOT NULL, "updated_at" timestamp NOT NULL)[0m
  [1m[35m (3.5ms)[0m  [1m[35mCREATE UNIQUE INDEX  "index_users_on_email" ON "users"  ("email")[0m
  [1m[35m (2.0ms)[0m  [1m[35mCREATE UNIQUE INDEX  "index_users_on_reset_password_token" ON "users"  ("reset_password_token")[0m
  [1m[35mSQL (2.1ms)[0m  [1m[32mINSERT INTO "schema_migrations" ("version") VALUES ($1) RETURNING "version"[0m  [["version", "20170704041249"]]
  [1m[35m (1.4ms)[0m  [1m[35mCOMMIT[0m
  [1m[36mActiveRecord::InternalMetadata Load (0.5ms)[0m  [1m[34mSELECT  "ar_internal_metadata".* FROM "ar_internal_metadata" WHERE "ar_internal_metadata"."key" = $1 LIMIT $2[0m  [["key", "environment"], ["LIMIT", 1]]
  [1m[35m (0.4ms)[0m  [1m[35mBEGIN[0m
  [1m[35mSQL (1.7ms)[0m  [1m[32mINSERT INTO "ar_internal_metadata" ("key", "value", "created_at", "updated_at") VALUES ($1, $2, $3, $4) RETURNING "key"[0m  [["key", "environment"], ["value", "development"], ["created_at", "2017-07-04 04:50:52.142912"], ["updated_at", "2017-07-04 04:50:52.142912"]]
  [1m[35m (1.3ms)[0m  [1m[35mCOMMIT[0m
  [1m[35m (0.4ms)[0m  [1m[34mSELECT pg_advisory_unlock(3456945490009827270)[0m
  [1m[35m (6.4ms)[0m  [1m[34mSELECT "schema_migrations"."version" FROM "schema_migrations" ORDER BY "schema_migrations"."version" ASC[0m
Started GET "/" for 127.0.0.1 at 2017-07-04 13:18:41 -0400
  [1m[35m (5.1ms)[0m  [1m[34mSELECT "schema_migrations"."version" FROM "schema_migrations" ORDER BY "schema_migrations"."version" ASC[0m
Processing by PagesController#index as HTML
  Rendering pages/index.html.erb within layouts/application
  Rendered pages/index.html.erb within layouts/application (2.9ms)
Completed 500 Internal Server Error in 31ms (ActiveRecord: 0.0ms)


  
SyntaxError (/Users/lyssa/craft_books/app/views/layouts/application.html.erb:35: syntax error, unexpected keyword_else, expecting ')'
'.freeze;             else 
                          ^
/Users/lyssa/craft_books/app/views/layouts/application.html.erb:37: syntax error, unexpected keyword_end, expecting ')'
'.freeze;             end 
                         ^
/Users/lyssa/craft_books/app/views/layouts/application.html.erb:48: syntax error, unexpected keyword_ensure, expecting ')'
          ensure
                ^
/Users/lyssa/craft_books/app/views/layouts/application.html.erb:50: syntax error, unexpected keyword_end, expecting ')'
          end
             ^):
  
app/views/layouts/application.html.erb:35: syntax error, unexpected keyword_else, expecting ')'
app/views/layouts/application.html.erb:37: syntax error, unexpected keyword_end, expecting ')'
app/views/layouts/application.html.erb:48: syntax error, unexpected keyword_ensure, expecting ')'
app/views/layouts/application.html.erb:50: syntax error, unexpected keyword_end, expecting ')'
Started POST "/__web_console/repl_sessions/1c70c280abe248b03d1d2d9ad40fd383/trace" for 127.0.0.1 at 2017-07-04 13:22:14 -0400
Started POST "/__web_console/repl_sessions/1c70c280abe248b03d1d2d9ad40fd383/trace" for 127.0.0.1 at 2017-07-04 13:22:16 -0400
Started POST "/__web_console/repl_sessions/1c70c280abe248b03d1d2d9ad40fd383/trace" for 127.0.0.1 at 2017-07-04 13:22:23 -0400
Started POST "/__web_console/repl_sessions/1c70c280abe248b03d1d2d9ad40fd383/trace" for 127.0.0.1 at 2017-07-04 13:22:26 -0400
Started POST "/__web_console/repl_sessions/1c70c280abe248b03d1d2d9ad40fd383/trace" for 127.0.0.1 at 2017-07-04 13:22:29 -0400
Started GET "/" for 127.0.0.1 at 2017-07-04 13:24:21 -0400
Processing by PagesController#index as HTML
  Rendering pages/index.html.erb within layouts/application
  Rendered pages/index.html.erb within layouts/application (0.4ms)
Completed 200 OK in 275ms (Views: 273.1ms | ActiveRecord: 0.0ms)


Started GET "/users/sign_in" for 127.0.0.1 at 2017-07-04 13:24:31 -0400
Processing by Devise::SessionsController#new as HTML
  Rendering /Users/lyssa/.rvm/gems/ruby-2.4.1/gems/devise-4.3.0/app/views/devise/sessions/new.html.erb within layouts/application
  Rendered /Users/lyssa/.rvm/gems/ruby-2.4.1/gems/devise-4.3.0/app/views/devise/shared/_links.html.erb (1.8ms) [cache miss]
  Rendered /Users/lyssa/.rvm/gems/ruby-2.4.1/gems/devise-4.3.0/app/views/devise/sessions/new.html.erb within layouts/application (71.8ms)
Completed 200 OK in 159ms (Views: 93.0ms | ActiveRecord: 27.3ms)


Started GET "/users/sign_up" for 127.0.0.1 at 2017-07-04 13:24:54 -0400
Processing by Devise::RegistrationsController#new as HTML
  Rendering /Users/lyssa/.rvm/gems/ruby-2.4.1/gems/devise-4.3.0/app/views/devise/registrations/new.html.erb within layouts/application
  Rendered /Users/lyssa/.rvm/gems/ruby-2.4.1/gems/devise-4.3.0/app/views/devise/shared/_links.html.erb (1.1ms) [cache miss]
  Rendered /Users/lyssa/.rvm/gems/ruby-2.4.1/gems/devise-4.3.0/app/views/devise/registrations/new.html.erb within layouts/application (6.6ms)
Completed 200 OK in 34ms (Views: 32.9ms | ActiveRecord: 0.0ms)


Started POST "/users" for 127.0.0.1 at 2017-07-04 13:25:07 -0400
Processing by Devise::RegistrationsController#create as HTML
  Parameters: {"utf8"=>"✓", "authenticity_token"=>"blffDdHH2zU0BrGcxlzf9Y9uB6hbqm5A7l+p/SBbNjJTek0nk7HseS0kLrLHpJFdZZceEmYO/qR/rjKpVAsVKw==", "user"=>{"email"=>"melissadawn189@gmail.com", "password"=>"[FILTERED]", "password_confirmation"=>"[FILTERED]"}, "commit"=>"Sign up"}
  [1m[35m (0.4ms)[0m  [1m[35mBEGIN[0m
  [1m[36mUser Exists (20.8ms)[0m  [1m[34mSELECT  1 AS one FROM "users" WHERE "users"."email" = $1 LIMIT $2[0m  [["email", "melissadawn189@gmail.com"], ["LIMIT", 1]]
  [1m[35mSQL (4.2ms)[0m  [1m[32mINSERT INTO "users" ("email", "encrypted_password", "created_at", "updated_at") VALUES ($1, $2, $3, $4) RETURNING "id"[0m  [["email", "melissadawn189@gmail.com"], ["encrypted_password", "$2a$11$3q.6xq4Avvuxy0L9STBILO6JU9HplXYPOjvJa.yBywwiac0k5S7Lq"], ["created_at", "2017-07-04 17:25:07.982358"], ["updated_at", "2017-07-04 17:25:07.982358"]]
  [1m[35m (1.6ms)[0m  [1m[35mCOMMIT[0m
  [1m[35m (0.4ms)[0m  [1m[35mBEGIN[0m
  [1m[35mSQL (0.9ms)[0m  [1m[33mUPDATE "users" SET "sign_in_count" = $1, "current_sign_in_at" = $2, "last_sign_in_at" = $3, "current_sign_in_ip" = $4, "last_sign_in_ip" = $5, "updated_at" = $6 WHERE "users"."id" = $7[0m  [["sign_in_count", 1], ["current_sign_in_at", "2017-07-04 17:25:07.991986"], ["last_sign_in_at", "2017-07-04 17:25:07.991986"], ["current_sign_in_ip", "127.0.0.1/32"], ["last_sign_in_ip", "127.0.0.1/32"], ["updated_at", "2017-07-04 17:25:07.993276"], ["id", 1]]
  [1m[35m (1.7ms)[0m  [1m[35mCOMMIT[0m
Redirected to http://localhost:3000/
Completed 302 Found in 243ms (ActiveRecord: 30.0ms)


Started GET "/" for 127.0.0.1 at 2017-07-04 13:25:08 -0400
Processing by PagesController#index as HTML
  Rendering pages/index.html.erb within layouts/application
  Rendered pages/index.html.erb within layouts/application (0.4ms)
  [1m[36mUser Load (0.7ms)[0m  [1m[34mSELECT  "users".* FROM "users" WHERE "users"."id" = $1 ORDER BY "users"."id" ASC LIMIT $2[0m  [["id", 1], ["LIMIT", 1]]
Completed 200 OK in 23ms (Views: 20.1ms | ActiveRecord: 0.7ms)


